Sim: 0 [EventEngine.EventDriver]  
	Simulation Start Time: Thu Jan 31 11:13:46 GMT 2019
	Parameter file: /mnt/c/Users/Jackprimiani/compsci/csce_311/project1/Misc/params2.osp

	Legend:
	  Thread(X:Y/S) means: thread X of task Y, status=S
	  Task(X/S) means: task X, status=S
	  Page(X:Y/Z) means: page X of task Y in frame Z
	  Openfile(X:Y/Z) means: open file X of task Y on device Z
	  Port(X:Y/S) means: port X of task Y has status S
	Status code abbreviations:
	  RD(ThreadReady), RU(ThreadRunning),
	  Wn(ThreadWaiting, n=waitlevel), KL(ThreadKill)
	  L(TaskLive), T(TaskTerm), NN(NONE)
	  L(PortLive), D(PortDestroyed), NN(NONE)


Sim: 4620 <<Warning!>> [IFLModules.ThreadCB]  
	After interrupt(PageFault): dispatch() should have been called

	at osp.i.a2.P(Unknown Source)
	at osp.a.b.char(Unknown Source)
	at osp.m.a.if(Unknown Source)
	at osp.i.m.a(Unknown Source)
	at osp.i.av.run(Unknown Source)
Sim: 9660 <<Error!>> [IFLModules.IflMMU]  
	Discrepancy in lock counts for Frame(27): OSP value=0; Student value: 0

	at osp.i.m.aW(Unknown Source)
	at osp.i.d.a(Unknown Source)
	at osp.i.d.am(Unknown Source)
	at osp.c.a.for(Unknown Source)
	at osp.a.b.char(Unknown Source)
	at osp.m.a.if(Unknown Source)
	at osp.i.m.a(Unknown Source)
	at osp.i.av.run(Unknown Source)

Sim:9660 [Utilities.SnapshotTaker]  
	

[Snapshot at 9660]

MEMORY:
  Free frames: 7(23%) out of 30
  Locked frames: 5 out of 30
  Reserved frames: 16 out of 30
  Referenced frames: 19 out of 30

Memory map:
|----------|------------------------------|
|Frame     |000000000011111111112222222222|
|number    |012345678901234567890123456789|
|----------|------------------------------|
|free      |  F    F     FF     F   FF    |
|lock      |000001000000000000010010000011|
|reserved  |  R RRRR     RRR   RR R RR RRR|
|dirty     |DD D      DD    DDD           |
|referenced|YY YY   Y YYY  YYYYYY Y Y YYY |
|----------|------------------------------|
|          |                              |
|page      |3  1 3  1 32   4 33        5 1|
|number    |29 7579 94010  21960 012  0756|
|----------|------------------------------|
|          |                              |
|owner     |                              |
|task      |57 4656 55557  55456 465  5555|
|----------|------------------------------|


Page table for Task 4:
  Valid pages: 3 out of 64
|------|----------------------------------------------------------------|
|Page  |0000000000111111111122222222223333333333444444444455555555556666|
|number|0123456789012345678901234567890123456789012345678901234567890123|
|------|----------------------------------------------------------------|
|valid |Y                Y                     Y                        |
|------|----------------------------------------------------------------|
|      |                                                                |
|frame |2                                      1                        |
|number|1                3                     7                        |
|------|----------------------------------------------------------------|

Page table for Task 6:
  Valid pages: 2 out of 64
|------|----------------------------------------------------------------|
|Page  |0000000000111111111122222222223333333333444444444455555555556666|
|number|0123456789012345678901234567890123456789012345678901234567890123|
|------|----------------------------------------------------------------|
|valid |     Y   Y                                                      |
|------|----------------------------------------------------------------|
|      |                                                                |
|frame |12                                                              |
|number|92   4   6                                                      |
|------|----------------------------------------------------------------|

Page table for Task 7:
  Valid pages: 2 out of 64
|------|----------------------------------------------------------------|
|Page  |0000000000111111111122222222223333333333444444444455555555556666|
|number|0123456789012345678901234567890123456789012345678901234567890123|
|------|----------------------------------------------------------------|
|valid |Y        Y                                                      |
|------|----------------------------------------------------------------|
|      |                                                                |
|frame |1                                                               |
|number|2        1                                                      |
|------|----------------------------------------------------------------|

Page table for Task 8:
  Valid pages: 0 out of 64
|------|----------------------------------------------------------------|
|Page  |0000000000111111111122222222223333333333444444444455555555556666|
|number|0123456789012345678901234567890123456789012345678901234567890123|
|------|----------------------------------------------------------------|
|valid |                                                                |
|------|----------------------------------------------------------------|
|      |                                                                |
|frame |                                                                |
|number|                                                                |
|------|----------------------------------------------------------------|


DEVICES:
  Device 0: Swap Device   (mount point: /vm/)
	    Number of pages read = 73
	    Number of pages written = 0
	    Average number of cylinders swept per disk access = 7
	      Total number of cylinders swept = 497
	    Service time per I/O request: 422
	    Device queue:
		IORB(Id(88),Device(0),Page(1:6/22),Diskblock(257),FileRead,Openfile(18:6/0),Thread(27:6/W2))
		IORB(Id(91),Device(0),Page(5:5/28),Diskblock(5),FileRead,Openfile(14:5/0),Thread(29:5/W2))
		IORB(Id(92),Device(0),Page(16:5/29),Diskblock(16),FileRead,Openfile(14:5/0),Thread(30:5/W2))
		IORB(Id(93),Device(0),Page(37:5/5),Diskblock(37),FileRead,Openfile(14:5/0),Thread(24:5/W2))
  Device 1: Disk   (mount point: /etc/go/)
	    Number of pages read = 0
	    Number of pages written = 0
	    Average number of cylinders swept per disk access = 0
	      Total number of cylinders swept = 0
	    Service time per I/O request: 0
	    Device queue:  Empty
  Device 2: Disk   (mount point: /etc/)
	    Number of pages read = 1
	    Number of pages written = 4
	    Average number of cylinders swept per disk access = 2
	      Total number of cylinders swept = 8
	    Service time per I/O request: 614
	    Device queue:  Empty

TASKS and THREADS:
  CPU Utilization: 97.86749%
  Average service time per thread: 2504.1633
  Average normalized service time per thread: 0.07967591
  Total number of tasks: 5
  Running thread(s): none
  Threads summary: 10 alive
  Among live threads: 0 running
                      5 suspended
                      5 ready
  ready queue = (28:4,37:7,38:5,40:5,48:8)
  running thread(s) = ()
  waiting thread(s) = (24:5,27:6,29:5,30:5,39:6)
  thread(s) in pagefault = (24:5,27:6,29:5,30:5,39:6,41:5)
  killed thread(s) = (Thread(17:1/KL),Thread(15:1/KL),Thread(14:1/KL),Thread(12:1/KL),Thread(11:1/KL),Thread(8:1/KL),Thread(6:1/KL),Thread(4:1/KL),Thread(3:1/KL),Thread(2:1/KL),Thread(0:1/KL),Thread(1:2/KL),Thread(26:3/KL),Thread(23:3/KL),Thread(21:3/KL),Thread(20:3/KL),Thread(19:3/KL),Thread(13:3/KL),Thread(9:3/KL),Thread(7:3/KL),Thread(5:3/KL),Thread(10:4/KL),Thread(36:2/KL),Thread(35:2/KL),Thread(34:2/KL),Thread(33:2/KL),Thread(32:2/KL),Thread(31:2/KL),Thread(25:2/KL),Thread(22:2/KL),Thread(18:2/KL),Thread(16:2/KL),Thread(47:5/KL),Thread(46:5/KL),Thread(45:5/KL),Thread(44:5/KL),Thread(43:5/KL),Thread(42:5/KL))

FILES:
  Total number of files: 0
  Total number of directories: 3
  Total number of open files: 1
  Device 0: 1216 out of 1536 blocks are free, 20.833332% used
  Device 1: 35 out of 40 blocks are free, 12.5% used
  Device 2: 7 out of 16 blocks are free, 56.25% used


PORTS:
  Number of Live Ports: 	2
  Number of Ports Created: 	8
  Number of Ports Destroyed: 	6
  Number of Messages Sent: 	6
  Number of Messages Received: 	6
  Port(9:4/L)	Buffer length: 0;  Threads suspended: 0
		 Port waiting queue: ()
  Port(11:4/L)	Buffer length: 0;  Threads suspended: 0
		 Port waiting queue: ()



RESOURCES:
  Total number of acquire() calls: 11
  Total number of release() calls: 0

    Resource Availability Table
|---------------|-------------------------|
|Resource Type  |0    1    2    3    4    |
|---------------|-------------------------|
|  Total        |8    8    8    6    9    |
|---------------|-------------------------|
|  Available    |8    4    8    4    9    |
|---------------|-------------------------|



    Resource Allocation Table
|------------------|-----------------------------------|
|Resource Type     |0      1      2      3      4      |
|------------------|-----------------------------------|
|Thread ID: 27:6   |0      4      0      2      0      |
|------------------|-----------------------------------|




The suspended  RRBs: 


-----------------------------------------------

